0 info it worked if it ends with ok
1 verbose cli [ '/Users/mobilefirstjames/.nvm/versions/node/v5.5.0/bin/node',
1 verbose cli   '/Users/mobilefirstjames/.nvm/versions/node/v5.5.0/bin/npm',
1 verbose cli   'run',
1 verbose cli   'build:hugo' ]
2 info using npm@3.3.12
3 info using node@v5.5.0
4 verbose run-script [ 'prebuild:hugo', 'build:hugo', 'postbuild:hugo' ]
5 info lifecycle hugo-theme-foundation6-blog@1.0.0~prebuild:hugo: hugo-theme-foundation6-blog@1.0.0
6 silly lifecycle hugo-theme-foundation6-blog@1.0.0~prebuild:hugo: no script for prebuild:hugo, continuing
7 info lifecycle hugo-theme-foundation6-blog@1.0.0~build:hugo: hugo-theme-foundation6-blog@1.0.0
8 verbose lifecycle hugo-theme-foundation6-blog@1.0.0~build:hugo: unsafe-perm in lifecycle true
9 verbose lifecycle hugo-theme-foundation6-blog@1.0.0~build:hugo: PATH: /Users/mobilefirstjames/.nvm/versions/node/v5.5.0/lib/node_modules/npm/bin/node-gyp-bin:/Users/mobilefirstjames/Dropbox/ProjectSupportFiles/Netlify2/james-stone-hugo-demo/node_modules/.bin:/Users/mobilefirstjames/.platformsh/bin:/Users/mobilefirstjames/.dnx/runtimes/dnx-coreclr-darwin-x64.1.0.0-rc1-update2/bin:/Users/mobilefirstjames/.dnx/bin:/Users/mobilefirstjames/.rbenv/shims:/Users/mobilefirstjames/.nvm/versions/node/v5.5.0/bin:/usr/local/bin:/~/bin:/Users/mobilefirstjames/.rbenv/shims:/usr/local/bin:/usr/local/sbin:/usr/bin:/bin:/usr/sbin:/sbin:/Library/TeX/texbin
10 verbose lifecycle hugo-theme-foundation6-blog@1.0.0~build:hugo: CWD: /Users/mobilefirstjames/Dropbox/ProjectSupportFiles/Netlify2/james-stone-hugo-demo
11 silly lifecycle hugo-theme-foundation6-blog@1.0.0~build:hugo: Args: [ '-c', 'gulp public' ]
12 silly lifecycle hugo-theme-foundation6-blog@1.0.0~build:hugo: Returned: code: 1  signal: null
13 info lifecycle hugo-theme-foundation6-blog@1.0.0~build:hugo: Failed to exec build:hugo script
14 verbose stack Error: hugo-theme-foundation6-blog@1.0.0 build:hugo: `gulp public`
14 verbose stack Exit status 1
14 verbose stack     at EventEmitter.<anonymous> (/Users/mobilefirstjames/.nvm/versions/node/v5.5.0/lib/node_modules/npm/lib/utils/lifecycle.js:232:16)
14 verbose stack     at emitTwo (events.js:100:13)
14 verbose stack     at EventEmitter.emit (events.js:185:7)
14 verbose stack     at ChildProcess.<anonymous> (/Users/mobilefirstjames/.nvm/versions/node/v5.5.0/lib/node_modules/npm/lib/utils/spawn.js:24:14)
14 verbose stack     at emitTwo (events.js:100:13)
14 verbose stack     at ChildProcess.emit (events.js:185:7)
14 verbose stack     at maybeClose (internal/child_process.js:821:16)
14 verbose stack     at Process.ChildProcess._handle.onexit (internal/child_process.js:211:5)
15 verbose pkgid hugo-theme-foundation6-blog@1.0.0
16 verbose cwd /Users/mobilefirstjames/Dropbox/ProjectSupportFiles/Netlify2/james-stone-hugo-demo
17 error Darwin 15.6.0
18 error argv "/Users/mobilefirstjames/.nvm/versions/node/v5.5.0/bin/node" "/Users/mobilefirstjames/.nvm/versions/node/v5.5.0/bin/npm" "run" "build:hugo"
19 error node v5.5.0
20 error npm  v3.3.12
21 error code ELIFECYCLE
22 error hugo-theme-foundation6-blog@1.0.0 build:hugo: `gulp public`
22 error Exit status 1
23 error Failed at the hugo-theme-foundation6-blog@1.0.0 build:hugo script 'gulp public'.
23 error Make sure you have the latest version of node.js and npm installed.
23 error If you do, this is most likely a problem with the hugo-theme-foundation6-blog package,
23 error not with npm itself.
23 error Tell the author that this fails on your system:
23 error     gulp public
23 error You can get their info via:
23 error     npm owner ls hugo-theme-foundation6-blog
23 error There is likely additional logging output above.
24 verbose exit [ 1, true ]
